;  LST file generated by mikroListExporter - v.2.0 
; Date/Time: 04-Dec-21 4:00:23 PM
;----------------------------------------------

;Address Opcode 	ASM
0x0000	0x2875      	GOTO       117
_rotation_0:
;lab10.c,1 :: 		void rotation_0() {
;lab10.c,3 :: 		for(i=0;i<50;i++)
0x0003	0x1283      	BCF        STATUS, 5
0x0004	0x1303      	BCF        STATUS, 6
0x0005	0x01F1      	CLRF       R1
0x0006	0x01F2      	CLRF       R1+1
L_rotation_00:
0x0007	0x3000      	MOVLW      0
0x0008	0x0272      	SUBWF      R1+1, 0
0x0009	0x1D03      	BTFSS      STATUS, 2
0x000A	0x280D      	GOTO       L__rotation_021
0x000B	0x3032      	MOVLW      50
0x000C	0x0271      	SUBWF      R1, 0
L__rotation_021:
0x000D	0x1803      	BTFSC      STATUS, 0
0x000E	0x2828      	GOTO       L_rotation_01
;lab10.c,5 :: 		portb.f0=1;
0x000F	0x1406      	BSF        PORTB, 0
;lab10.c,6 :: 		delay_us(800);
0x0010	0x3003      	MOVLW      3
0x0011	0x00FC      	MOVWF      R12
0x0012	0x3012      	MOVLW      18
0x0013	0x00FD      	MOVWF      R13
L_rotation_03:
0x0014	0x0BFD      	DECFSZ     R13, 1
0x0015	0x2814      	GOTO       L_rotation_03
0x0016	0x0BFC      	DECFSZ     R12, 1
0x0017	0x2814      	GOTO       L_rotation_03
0x0018	0x0000      	NOP
;lab10.c,7 :: 		portb.f0=0;
0x0019	0x1006      	BCF        PORTB, 0
;lab10.c,8 :: 		delay_us(19200);
0x001A	0x3032      	MOVLW      50
0x001B	0x00FC      	MOVWF      R12
0x001C	0x30DD      	MOVLW      221
0x001D	0x00FD      	MOVWF      R13
L_rotation_04:
0x001E	0x0BFD      	DECFSZ     R13, 1
0x001F	0x281E      	GOTO       L_rotation_04
0x0020	0x0BFC      	DECFSZ     R12, 1
0x0021	0x281E      	GOTO       L_rotation_04
0x0022	0x0000      	NOP
0x0023	0x0000      	NOP
;lab10.c,3 :: 		for(i=0;i<50;i++)
0x0024	0x0AF1      	INCF       R1, 1
0x0025	0x1903      	BTFSC      STATUS, 2
0x0026	0x0AF2      	INCF       R1+1, 1
;lab10.c,9 :: 		}
0x0027	0x2807      	GOTO       L_rotation_00
L_rotation_01:
;lab10.c,10 :: 		}
L_end_rotation_0:
0x0028	0x0008      	RETURN
; end of _rotation_0
_rotation_180:
;lab10.c,21 :: 		void rotation_180() {
;lab10.c,23 :: 		for(i=0;i<50;i++)
0x0029	0x1283      	BCF        STATUS, 5
0x002A	0x1303      	BCF        STATUS, 6
0x002B	0x01F1      	CLRF       R1
0x002C	0x01F2      	CLRF       R1+1
L_rotation_18010:
0x002D	0x3000      	MOVLW      0
0x002E	0x0272      	SUBWF      R1+1, 0
0x002F	0x1D03      	BTFSS      STATUS, 2
0x0030	0x2833      	GOTO       L__rotation_18025
0x0031	0x3032      	MOVLW      50
0x0032	0x0271      	SUBWF      R1, 0
L__rotation_18025:
0x0033	0x1803      	BTFSC      STATUS, 0
0x0034	0x284E      	GOTO       L_rotation_18011
;lab10.c,25 :: 		portb.f0=1;
0x0035	0x1406      	BSF        PORTB, 0
;lab10.c,26 :: 		delay_us(2200);
0x0036	0x3006      	MOVLW      6
0x0037	0x00FC      	MOVWF      R12
0x0038	0x30B5      	MOVLW      181
0x0039	0x00FD      	MOVWF      R13
L_rotation_18013:
0x003A	0x0BFD      	DECFSZ     R13, 1
0x003B	0x283A      	GOTO       L_rotation_18013
0x003C	0x0BFC      	DECFSZ     R12, 1
0x003D	0x283A      	GOTO       L_rotation_18013
0x003E	0x0000      	NOP
0x003F	0x0000      	NOP
;lab10.c,27 :: 		portb.f0=0;
0x0040	0x1006      	BCF        PORTB, 0
;lab10.c,28 :: 		delay_us(17800);
0x0041	0x302F      	MOVLW      47
0x0042	0x00FC      	MOVWF      R12
0x0043	0x303A      	MOVLW      58
0x0044	0x00FD      	MOVWF      R13
L_rotation_18014:
0x0045	0x0BFD      	DECFSZ     R13, 1
0x0046	0x2845      	GOTO       L_rotation_18014
0x0047	0x0BFC      	DECFSZ     R12, 1
0x0048	0x2845      	GOTO       L_rotation_18014
0x0049	0x0000      	NOP
;lab10.c,23 :: 		for(i=0;i<50;i++)
0x004A	0x0AF1      	INCF       R1, 1
0x004B	0x1903      	BTFSC      STATUS, 2
0x004C	0x0AF2      	INCF       R1+1, 1
;lab10.c,29 :: 		}
0x004D	0x282D      	GOTO       L_rotation_18010
L_rotation_18011:
;lab10.c,30 :: 		}
L_end_rotation_180:
0x004E	0x0008      	RETURN
; end of _rotation_180
_rotation_90:
;lab10.c,11 :: 		void rotation_90() {
;lab10.c,13 :: 		for(i=0;i<50;i++)
0x004F	0x1283      	BCF        STATUS, 5
0x0050	0x1303      	BCF        STATUS, 6
0x0051	0x01F1      	CLRF       R1
0x0052	0x01F2      	CLRF       R1+1
L_rotation_905:
0x0053	0x3000      	MOVLW      0
0x0054	0x0272      	SUBWF      R1+1, 0
0x0055	0x1D03      	BTFSS      STATUS, 2
0x0056	0x2859      	GOTO       L__rotation_9023
0x0057	0x3032      	MOVLW      50
0x0058	0x0271      	SUBWF      R1, 0
L__rotation_9023:
0x0059	0x1803      	BTFSC      STATUS, 0
0x005A	0x2874      	GOTO       L_rotation_906
;lab10.c,15 :: 		portb.f0=1;
0x005B	0x1406      	BSF        PORTB, 0
;lab10.c,16 :: 		delay_us(1500);
0x005C	0x3004      	MOVLW      4
0x005D	0x00FC      	MOVWF      R12
0x005E	0x30E4      	MOVLW      228
0x005F	0x00FD      	MOVWF      R13
L_rotation_908:
0x0060	0x0BFD      	DECFSZ     R13, 1
0x0061	0x2860      	GOTO       L_rotation_908
0x0062	0x0BFC      	DECFSZ     R12, 1
0x0063	0x2860      	GOTO       L_rotation_908
0x0064	0x0000      	NOP
;lab10.c,17 :: 		portb.f0=0;
0x0065	0x1006      	BCF        PORTB, 0
;lab10.c,18 :: 		delay_us(18500);
0x0066	0x3031      	MOVLW      49
0x0067	0x00FC      	MOVWF      R12
0x0068	0x300B      	MOVLW      11
0x0069	0x00FD      	MOVWF      R13
L_rotation_909:
0x006A	0x0BFD      	DECFSZ     R13, 1
0x006B	0x286A      	GOTO       L_rotation_909
0x006C	0x0BFC      	DECFSZ     R12, 1
0x006D	0x286A      	GOTO       L_rotation_909
0x006E	0x0000      	NOP
0x006F	0x0000      	NOP
;lab10.c,13 :: 		for(i=0;i<50;i++)
0x0070	0x0AF1      	INCF       R1, 1
0x0071	0x1903      	BTFSC      STATUS, 2
0x0072	0x0AF2      	INCF       R1+1, 1
;lab10.c,19 :: 		}
0x0073	0x2853      	GOTO       L_rotation_905
L_rotation_906:
;lab10.c,20 :: 		}
L_end_rotation_90:
0x0074	0x0008      	RETURN
; end of _rotation_90
_main:
;lab10.c,31 :: 		void main() {
;lab10.c,32 :: 		TRISB=0x00;
0x0075	0x1683      	BSF        STATUS, 5
0x0076	0x1303      	BCF        STATUS, 6
0x0077	0x0186      	CLRF       TRISB
;lab10.c,33 :: 		while(1)
L_main15:
;lab10.c,35 :: 		rotation_0();
0x0078	0x2003      	CALL       _rotation_0
;lab10.c,36 :: 		delay_ms(1000);
0x0079	0x300B      	MOVLW      11
0x007A	0x00FB      	MOVWF      R11
0x007B	0x3026      	MOVLW      38
0x007C	0x00FC      	MOVWF      R12
0x007D	0x305D      	MOVLW      93
0x007E	0x00FD      	MOVWF      R13
L_main17:
0x007F	0x0BFD      	DECFSZ     R13, 1
0x0080	0x287F      	GOTO       L_main17
0x0081	0x0BFC      	DECFSZ     R12, 1
0x0082	0x287F      	GOTO       L_main17
0x0083	0x0BFB      	DECFSZ     R11, 1
0x0084	0x287F      	GOTO       L_main17
0x0085	0x0000      	NOP
0x0086	0x0000      	NOP
;lab10.c,37 :: 		rotation_90();
0x0087	0x204F      	CALL       _rotation_90
;lab10.c,38 :: 		delay_ms(1000);
0x0088	0x300B      	MOVLW      11
0x0089	0x00FB      	MOVWF      R11
0x008A	0x3026      	MOVLW      38
0x008B	0x00FC      	MOVWF      R12
0x008C	0x305D      	MOVLW      93
0x008D	0x00FD      	MOVWF      R13
L_main18:
0x008E	0x0BFD      	DECFSZ     R13, 1
0x008F	0x288E      	GOTO       L_main18
0x0090	0x0BFC      	DECFSZ     R12, 1
0x0091	0x288E      	GOTO       L_main18
0x0092	0x0BFB      	DECFSZ     R11, 1
0x0093	0x288E      	GOTO       L_main18
0x0094	0x0000      	NOP
0x0095	0x0000      	NOP
;lab10.c,39 :: 		rotation_180();
0x0096	0x2029      	CALL       _rotation_180
;lab10.c,40 :: 		delay_ms(1000);
0x0097	0x300B      	MOVLW      11
0x0098	0x00FB      	MOVWF      R11
0x0099	0x3026      	MOVLW      38
0x009A	0x00FC      	MOVWF      R12
0x009B	0x305D      	MOVLW      93
0x009C	0x00FD      	MOVWF      R13
L_main19:
0x009D	0x0BFD      	DECFSZ     R13, 1
0x009E	0x289D      	GOTO       L_main19
0x009F	0x0BFC      	DECFSZ     R12, 1
0x00A0	0x289D      	GOTO       L_main19
0x00A1	0x0BFB      	DECFSZ     R11, 1
0x00A2	0x289D      	GOTO       L_main19
0x00A3	0x0000      	NOP
0x00A4	0x0000      	NOP
;lab10.c,41 :: 		}
0x00A5	0x2878      	GOTO       L_main15
;lab10.c,42 :: 		}
L_end_main:
0x00A6	0x28A6      	GOTO       $+0
; end of _main
Symbol List:
//** Routines locations **
//ADDRESS    SIZE    PROCEDURE
//----------------------------------------------
0x0003      [38]    _rotation_0
0x0029      [38]    _rotation_180
0x004F      [38]    _rotation_90
0x0075      [50]    _main
//** Variables locations ** 
//ADDRESS    SIZE    VARIABLE
//----------------------------------------------
0x0000       [1]    INDF
0x0003       [1]    STATUS
0x0004       [1]    FSR
0x0006       [1]    PORTB
0x000A       [1]    PCLATH
0x0020       [2]    ___DoICPAddr
0x0070       [1]    R0
0x0071       [1]    R1
0x0072       [1]    R2
0x0073       [1]    R3
0x0074       [1]    R4
0x0075       [1]    R5
0x0076       [1]    R6
0x0077       [1]    R7
0x0078       [1]    R8
0x0079       [1]    R9
0x007A       [1]    R10
0x007B       [1]    R11
0x007C       [1]    R12
0x007D       [1]    R13
0x007E       [1]    R14
0x007F       [1]    R15
0x0086       [1]    TRISB
